-------------------------------------------------------------------------------
Test set: com.spring.hackernewsapi.HackernewsapiApplicationTests
-------------------------------------------------------------------------------
Tests run: 1, Failures: 0, Errors: 1, Skipped: 0, Time elapsed: 2.934 s <<< FAILURE! - in com.spring.hackernewsapi.HackernewsapiApplicationTests
contextLoads  Time elapsed: 0.014 s  <<< ERROR!
java.lang.IllegalStateException: Failed to load ApplicationContext for [WebMergedContextConfiguration@3d615b2e testClass = com.spring.hackernewsapi.HackernewsapiApplicationTests, locations = [], classes = [com.spring.hackernewsapi.HackernewsapiApplication], contextInitializerClasses = [], activeProfiles = [], propertySourceLocations = [], propertySourceProperties = ["org.springframework.boot.test.context.SpringBootTestContextBootstrapper=true"], contextCustomizers = [org.springframework.boot.test.context.filter.ExcludeFilterContextCustomizer@68dc098b, org.springframework.boot.test.json.DuplicateJsonObjectContextCustomizerFactory$DuplicateJsonObjectContextCustomizer@4e423aa2, org.springframework.boot.test.mock.mockito.MockitoContextCustomizer@0, org.springframework.boot.test.web.client.TestRestTemplateContextCustomizer@1ab06251, org.springframework.boot.test.autoconfigure.actuate.observability.ObservabilityContextCustomizerFactory$DisableObservabilityContextCustomizer@9da1, org.springframework.boot.test.autoconfigure.properties.PropertyMappingContextCustomizer@0, org.springframework.boot.test.autoconfigure.web.servlet.WebDriverContextCustomizerFactory$Customizer@36a5cabc, org.springframework.boot.test.context.SpringBootTestAnnotation@df3ba5f1], resourceBasePath = "src/main/webapp", contextLoader = org.springframework.boot.test.context.SpringBootContextLoader, parent = null]
Caused by: org.springframework.beans.factory.UnsatisfiedDependencyException: Error creating bean with name 'cacheManager' defined in class path resource [org/springframework/boot/autoconfigure/cache/JCacheCacheConfiguration.class]: Unsatisfied dependency expressed through method 'cacheManager' parameter 1: Error creating bean with name 'jCacheCacheManager' defined in class path resource [org/springframework/boot/autoconfigure/cache/JCacheCacheConfiguration.class]: Failed to instantiate [javax.cache.CacheManager]: Factory method 'jCacheCacheManager' threw exception with message: javax/xml/bind/ValidationEventHandler
Caused by: org.springframework.beans.factory.BeanCreationException: Error creating bean with name 'jCacheCacheManager' defined in class path resource [org/springframework/boot/autoconfigure/cache/JCacheCacheConfiguration.class]: Failed to instantiate [javax.cache.CacheManager]: Factory method 'jCacheCacheManager' threw exception with message: javax/xml/bind/ValidationEventHandler
Caused by: org.springframework.beans.BeanInstantiationException: Failed to instantiate [javax.cache.CacheManager]: Factory method 'jCacheCacheManager' threw exception with message: javax/xml/bind/ValidationEventHandler
Caused by: java.lang.NoClassDefFoundError: javax/xml/bind/ValidationEventHandler
Caused by: java.lang.ClassNotFoundException: javax.xml.bind.ValidationEventHandler

